# JRE version: 7.0_11-b21
# Java VM: Java HotSpot(TM) 64-Bit Server VM (23.6-b04 mixed mode windows-amd64 compressed oops)
Heap
 PSYoungGen      total 16064K, used 13719K [0x00000000fa000000, 0x00000000fb100000, 0x0000000100000000)
  eden space 15488K, 84% used [0x00000000fa000000,0x00000000facd5d18,0x00000000faf20000)
  from space 576K, 100% used [0x00000000faf30000,0x00000000fafc0000,0x00000000fafc0000)
  to   space 960K, 0% used [0x00000000fb010000,0x00000000fb010000,0x00000000fb100000)
 ParOldGen       total 167232K, used 80927K [0x00000000e8000000, 0x00000000f2350000, 0x00000000fa000000)
  object space 167232K, 48% used [0x00000000e8000000,0x00000000ecf07e80,0x00000000f2350000)
 PSPermGen       total 74752K, used 66268K [0x00000000e0000000, 0x00000000e4900000, 0x00000000e8000000)
  object space 74752K, 88% used [0x00000000e0000000,0x00000000e40b7270,0x00000000e4900000)
GC Heap History (10 events):
Event: 185243.147 GC heap before
{Heap before GC invocations=2691 (full 18):
 PSYoungGen      total 16320K, used 16272K [0x00000000fa000000, 0x00000000fb040000, 0x0000000100000000)
  eden space 16064K, 100% used [0x00000000fa000000,0x00000000fafb0000,0x00000000fafb0000)
  from space 256K, 81% used [0x00000000fb000000,0x00000000fb034010,0x00000000fb040000)
  to   space 256K, 0% used [0x00000000fafc0000,0x00000000fafc0000,0x00000000fb000000)
 ParOldGen       total 167232K, used 79505K [0x00000000e8000000, 0x00000000f2350000, 0x00000000fa000000)
  object space 167232K, 47% used [0x00000000e8000000,0x00000000ecda4430,0x00000000f2350000)
 PSPermGen       total 74752K, used 66259K [0x00000000e0000000, 0x00000000e4900000, 0x00000000e8000000)
  object space 74752K, 88% used [0x00000000e0000000,0x00000000e40b4c78,0x00000000e4900000)
Event: 185243.156 GC heap after
Heap after GC invocations=2691 (full 18):
 PSYoungGen      total 16192K, used 192K [0x00000000fa000000, 0x00000000fb040000, 0x0000000100000000)
  eden space 16000K, 0% used [0x00000000fa000000,0x00000000fa000000,0x00000000fafa0000)
  from space 192K, 100% used [0x00000000fafc0000,0x00000000faff0000,0x00000000faff0000)
  to   space 320K, 0% used [0x00000000faff0000,0x00000000faff0000,0x00000000fb040000)
 ParOldGen       total 167232K, used 79505K [0x00000000e8000000, 0x00000000f2350000, 0x00000000fa000000)
  object space 167232K, 47% used [0x00000000e8000000,0x00000000ecda4430,0x00000000f2350000)
 PSPermGen       total 74752K, used 66259K [0x00000000e0000000, 0x00000000e4900000, 0x00000000e8000000)
  object space 74752K, 88% used [0x00000000e0000000,0x00000000e40b4c78,0x00000000e4900000)
}
Event: 185312.145 GC heap before
{Heap before GC invocations=2692 (full 18):
 PSYoungGen      total 16192K, used 16192K [0x00000000fa000000, 0x00000000fb040000, 0x0000000100000000)
  eden space 16000K, 100% used [0x00000000fa000000,0x00000000fafa0000,0x00000000fafa0000)
  from space 192K, 100% used [0x00000000fafc0000,0x00000000faff0000,0x00000000faff0000)
  to   space 320K, 0% used [0x00000000faff0000,0x00000000faff0000,0x00000000fb040000)
 ParOldGen       total 167232K, used 79505K [0x00000000e8000000, 0x00000000f2350000, 0x00000000fa000000)
  object space 167232K, 47% used [0x00000000e8000000,0x00000000ecda4430,0x00000000f2350000)
 PSPermGen       total 74752K, used 66259K [0x00000000e0000000, 0x00000000e4900000, 0x00000000e8000000)
  object space 74752K, 88% used [0x00000000e0000000,0x00000000e40b4c78,0x00000000e4900000)
Event: 185312.149 GC heap after
Heap after GC invocations=2692 (full 18):
 PSYoungGen      total 16064K, used 128K [0x00000000fa000000, 0x00000000fb010000, 0x0000000100000000)
  eden space 15936K, 0% used [0x00000000fa000000,0x00000000fa000000,0x00000000faf90000)
  from space 128K, 100% used [0x00000000faff0000,0x00000000fb010000,0x00000000fb010000)
  to   space 256K, 0% used [0x00000000faf90000,0x00000000faf90000,0x00000000fafd0000)
 ParOldGen       total 167232K, used 79505K [0x00000000e8000000, 0x00000000f2350000, 0x00000000fa000000)
  object space 167232K, 47% used [0x00000000e8000000,0x00000000ecda4430,0x00000000f2350000)
 PSPermGen       total 74752K, used 66259K [0x00000000e0000000, 0x00000000e4900000, 0x00000000e8000000)
  object space 74752K, 88% used [0x00000000e0000000,0x00000000e40b4c78,0x00000000e4900000)
}
Event: 185381.144 GC heap before
{Heap before GC invocations=2693 (full 18):
 PSYoungGen      total 16064K, used 16064K [0x00000000fa000000, 0x00000000fb010000, 0x0000000100000000)
  eden space 15936K, 100% used [0x00000000fa000000,0x00000000faf90000,0x00000000faf90000)
  from space 128K, 100% used [0x00000000faff0000,0x00000000fb010000,0x00000000fb010000)
  to   space 256K, 0% used [0x00000000faf90000,0x00000000faf90000,0x00000000fafd0000)
 ParOldGen       total 167232K, used 79505K [0x00000000e8000000, 0x00000000f2350000, 0x00000000fa000000)
  object space 167232K, 47% used [0x00000000e8000000,0x00000000ecda4430,0x00000000f2350000)
 PSPermGen       total 74752K, used 66259K [0x00000000e0000000, 0x00000000e4900000, 0x00000000e8000000)
  object space 74752K, 88% used [0x00000000e0000000,0x00000000e40b4c78,0x00000000e4900000)
Event: 185381.147 GC heap after
Heap after GC invocations=2693 (full 18):
 PSYoungGen      total 16064K, used 96K [0x00000000fa000000, 0x00000000fb000000, 0x0000000100000000)
  eden space 15936K, 0% used [0x00000000fa000000,0x00000000fa000000,0x00000000faf90000)
  from space 128K, 75% used [0x00000000faf90000,0x00000000fafa8000,0x00000000fafb0000)
  to   space 256K, 0% used [0x00000000fafc0000,0x00000000fafc0000,0x00000000fb000000)
 ParOldGen       total 167232K, used 79505K [0x00000000e8000000, 0x00000000f2350000, 0x00000000fa000000)
  object space 167232K, 47% used [0x00000000e8000000,0x00000000ecda4430,0x00000000f2350000)
 PSPermGen       total 74752K, used 66259K [0x00000000e0000000, 0x00000000e4900000, 0x00000000e8000000)
  object space 74752K, 88% used [0x00000000e0000000,0x00000000e40b4c78,0x00000000e4900000)
}
Event: 185413.222 GC heap before
{Heap before GC invocations=2694 (full 18):
 PSYoungGen      total 16064K, used 16032K [0x00000000fa000000, 0x00000000fb000000, 0x0000000100000000)
  eden space 15936K, 100% used [0x00000000fa000000,0x00000000faf90000,0x00000000faf90000)
  from space 128K, 75% used [0x00000000faf90000,0x00000000fafa8000,0x00000000fafb0000)
  to   space 256K, 0% used [0x00000000fafc0000,0x00000000fafc0000,0x00000000fb000000)
 ParOldGen       total 167232K, used 79505K [0x00000000e8000000, 0x00000000f2350000, 0x00000000fa000000)
  object space 167232K, 47% used [0x00000000e8000000,0x00000000ecda4430,0x00000000f2350000)
 PSPermGen       total 74752K, used 66265K [0x00000000e0000000, 0x00000000e4900000, 0x00000000e8000000)
  object space 74752K, 88% used [0x00000000e0000000,0x00000000e40b6648,0x00000000e4900000)
Event: 185413.226 GC heap after
Heap after GC invocations=2694 (full 18):
 PSYoungGen      total 15808K, used 256K [0x00000000fa000000, 0x00000000fb0a0000, 0x0000000100000000)
  eden space 15552K, 0% used [0x00000000fa000000,0x00000000fa000000,0x00000000faf30000)
  from space 256K, 100% used [0x00000000fafc0000,0x00000000fb000000,0x00000000fb000000)
  to   space 576K, 0% used [0x00000000faf30000,0x00000000faf30000,0x00000000fafc0000)
 ParOldGen       total 167232K, used 80231K [0x00000000e8000000, 0x00000000f2350000, 0x00000000fa000000)
  object space 167232K, 47% used [0x00000000e8000000,0x00000000ece59e80,0x00000000f2350000)
 PSPermGen       total 74752K, used 66265K [0x00000000e0000000, 0x00000000e4900000, 0x00000000e8000000)
  object space 74752K, 88% used [0x00000000e0000000,0x00000000e40b6648,0x00000000e4900000)
}
Event: 185414.418 GC heap before
{Heap before GC invocations=2695 (full 18):
 PSYoungGen      total 15808K, used 15808K [0x00000000fa000000, 0x00000000fb0a0000, 0x0000000100000000)
  eden space 15552K, 100% used [0x00000000fa000000,0x00000000faf30000,0x00000000faf30000)
  from space 256K, 100% used [0x00000000fafc0000,0x00000000fb000000,0x00000000fb000000)
  to   space 576K, 0% used [0x00000000faf30000,0x00000000faf30000,0x00000000fafc0000)
 ParOldGen       total 167232K, used 80231K [0x00000000e8000000, 0x00000000f2350000, 0x00000000fa000000)
  object space 167232K, 47% used [0x00000000e8000000,0x00000000ece59e80,0x00000000f2350000)
 PSPermGen       total 74752K, used 66268K [0x00000000e0000000, 0x00000000e4900000, 0x00000000e8000000)
  object space 74752K, 88% used [0x00000000e0000000,0x00000000e40b7270,0x00000000e4900000)
Event: 185414.423 GC heap after
Heap after GC invocations=2695 (full 18):
 PSYoungGen      total 16064K, used 576K [0x00000000fa000000, 0x00000000fb100000, 0x0000000100000000)
  eden space 15488K, 0% used [0x00000000fa000000,0x00000000fa000000,0x00000000faf20000)
  from space 576K, 100% used [0x00000000faf30000,0x00000000fafc0000,0x00000000fafc0000)
  to   space 960K, 0% used [0x00000000fb010000,0x00000000fb010000,0x00000000fb100000)
 ParOldGen       total 167232K, used 80927K [0x00000000e8000000, 0x00000000f2350000, 0x00000000fa000000)
  object space 167232K, 48% used [0x00000000e8000000,0x00000000ecf07e80,0x00000000f2350000)
 PSPermGen       total 74752K, used 66268K [0x00000000e0000000, 0x00000000e4900000, 0x00000000e8000000)
  object space 74752K, 88% used [0x00000000e0000000,0x00000000e40b7270,0x00000000e4900000)
}

